C:\USERS\LOUIS\DROPBOX\G53GRA\ENGINE\VERSION 3\G53GRAWINDOWSFRAMEWORK\G53GRAWINDOWSFRAMEWORK\DEBUG\ENGINE.OBJ
C:\USERS\LOUIS\DROPBOX\G53GRA\ENGINE\VERSION 3\G53GRAWINDOWSFRAMEWORK\G53GRAWINDOWSFRAMEWORK\DEBUG\INPUTCONTROLLER.OBJ
C:\USERS\LOUIS\DROPBOX\G53GRA\ENGINE\VERSION 3\G53GRAWINDOWSFRAMEWORK\G53GRAWINDOWSFRAMEWORK\DEBUG\MAIN.OBJ
C:\USERS\LOUIS\DROPBOX\G53GRA\ENGINE\VERSION 3\G53GRAWINDOWSFRAMEWORK\G53GRAWINDOWSFRAMEWORK\DEBUG\STATICENGINEWINDOWS.OBJ
C:\USERS\LOUIS\DROPBOX\G53GRA\ENGINE\VERSION 3\G53GRAWINDOWSFRAMEWORK\G53GRAWINDOWSFRAMEWORK\DEBUG\TEXTUREMANAGER.OBJ
C:\USERS\LOUIS\DROPBOX\G53GRA\ENGINE\VERSION 3\G53GRAWINDOWSFRAMEWORK\G53GRAWINDOWSFRAMEWORK\DEBUG\VIEWCONTROLLER.OBJ
C:\USERS\LOUIS\DROPBOX\G53GRA\ENGINE\VERSION 3\G53GRAWINDOWSFRAMEWORK\G53GRAWINDOWSFRAMEWORK\DEBUG\CASTLEENGINE.OBJ
C:\USERS\LOUIS\DROPBOX\G53GRA\ENGINE\VERSION 3\G53GRAWINDOWSFRAMEWORK\G53GRAWINDOWSFRAMEWORK\DEBUG\TRIANGLE.OBJ
C:\USERS\LOUIS\DROPBOX\G53GRA\ENGINE\VERSION 3\G53GRAWINDOWSFRAMEWORK\G53GRAWINDOWSFRAMEWORK\DEBUG\VC110.PDB
C:\USERS\LOUIS\DROPBOX\G53GRA\ENGINE\VERSION 3\G53GRAWINDOWSFRAMEWORK\DEBUG\G53GRAWINDOWSFRAMEWORK.ILK
C:\USERS\LOUIS\DROPBOX\G53GRA\ENGINE\VERSION 3\G53GRAWINDOWSFRAMEWORK\DEBUG\G53GRAWINDOWSFRAMEWORK.EXE
C:\USERS\LOUIS\DROPBOX\G53GRA\ENGINE\VERSION 3\G53GRAWINDOWSFRAMEWORK\DEBUG\G53GRAWINDOWSFRAMEWORK.PDB
C:\Users\Louis\Dropbox\G53GRA\Engine\Version 3\G53GRAWindowsFramework\G53GRAWindowsFramework\Debug\CastleEngine.obj
C:\Users\Louis\Dropbox\G53GRA\Engine\Version 3\G53GRAWindowsFramework\G53GRAWindowsFramework\Debug\Engine.obj
C:\Users\Louis\Dropbox\G53GRA\Engine\Version 3\G53GRAWindowsFramework\G53GRAWindowsFramework\Debug\InputController.obj
C:\Users\Louis\Dropbox\G53GRA\Engine\Version 3\G53GRAWindowsFramework\G53GRAWindowsFramework\Debug\main.obj
C:\Users\Louis\Dropbox\G53GRA\Engine\Version 3\G53GRAWindowsFramework\G53GRAWindowsFramework\Debug\StaticEngineWindows.obj
C:\Users\Louis\Dropbox\G53GRA\Engine\Version 3\G53GRAWindowsFramework\G53GRAWindowsFramework\Debug\TextureManager.obj
C:\Users\Louis\Dropbox\G53GRA\Engine\Version 3\G53GRAWindowsFramework\G53GRAWindowsFramework\Debug\Triangle.obj
C:\Users\Louis\Dropbox\G53GRA\Engine\Version 3\G53GRAWindowsFramework\G53GRAWindowsFramework\Debug\ViewController.obj
C:\Users\Louis\Dropbox\G53GRA\Engine\Version 3\G53GRAWindowsFramework\G53GRAWindowsFramework\Debug\cl.command.1.tlog
C:\Users\Louis\Dropbox\G53GRA\Engine\Version 3\G53GRAWindowsFramework\G53GRAWindowsFramework\Debug\CL.read.1.tlog
C:\Users\Louis\Dropbox\G53GRA\Engine\Version 3\G53GRAWindowsFramework\G53GRAWindowsFramework\Debug\CL.write.1.tlog
C:\Users\Louis\Dropbox\G53GRA\Engine\Version 3\G53GRAWindowsFramework\G53GRAWindowsFramework\Debug\link-cvtres.read.1.tlog
C:\Users\Louis\Dropbox\G53GRA\Engine\Version 3\G53GRAWindowsFramework\G53GRAWindowsFramework\Debug\link-cvtres.write.1.tlog
C:\Users\Louis\Dropbox\G53GRA\Engine\Version 3\G53GRAWindowsFramework\G53GRAWindowsFramework\Debug\link-rc.read.1.tlog
C:\Users\Louis\Dropbox\G53GRA\Engine\Version 3\G53GRAWindowsFramework\G53GRAWindowsFramework\Debug\link-rc.write.1.tlog
C:\Users\Louis\Dropbox\G53GRA\Engine\Version 3\G53GRAWindowsFramework\G53GRAWindowsFramework\Debug\link.command.1.tlog
C:\Users\Louis\Dropbox\G53GRA\Engine\Version 3\G53GRAWindowsFramework\G53GRAWindowsFramework\Debug\link.read.1.tlog
C:\Users\Louis\Dropbox\G53GRA\Engine\Version 3\G53GRAWindowsFramework\G53GRAWindowsFramework\Debug\link.write.1.tlog
C:\Users\Louis\Dropbox\G53GRA\Engine\Version 3\G53GRAWindowsFramework\G53GRAWindowsFramework\Debug\vc110.idb
C:\Users\Louis\Dropbox\G53GRA\Engine\Version 3\G53GRAWindowsFramework\G53GRAWindowsFramework\Debug\vc110.pdb
C:\Users\Louis\Dropbox\G53GRA\Engine\Version 3\G53GRAWindowsFramework\Debug\G53GRAWindowsFramework.pdb
C:\Users\Louis\Dropbox\G53GRA\Engine\Version 3\G53GRAWindowsFramework\Debug\G53GRAWindowsFramework.exe
C:\Users\Louis\Dropbox\G53GRA\Engine\Version 3\G53GRAWindowsFramework\Debug\G53GRAWindowsFramework.ilk
